C51 COMPILER V9.60.0.0   MAIN                                                              11/05/2023 00:57:34 PAGE 1   


C51 COMPILER V9.60.0.0, COMPILATION OF MODULE MAIN
OBJECT MODULE PLACED IN .\Objects\main.obj
COMPILER INVOKED BY: C:\Application\Keil\C51\BIN\C51.EXE main.c OPTIMIZE(8,SPEED) BROWSE DEBUG OBJECTEXTEND PRINT(.\List
                    -ings\main.lst) TABS(2) OBJECT(.\Objects\main.obj)

line level    source

   1          #include <REG51.H>
   2          #include <INTRINS.H>
   3          
   4          void Delay1ms(void) //@12.000MHz
   5          {
   6   1        unsigned char data i, j;
   7   1      
   8   1        i = 2;
   9   1        j = 239;
  10   1        do
  11   1        {
  12   2          while (--j);
  13   2        } while (--i);
  14   1      }
  15          
  16          void delay_ms(int x)
  17          {
  18   1        while(x)
  19   1        {
  20   2          Delay1ms();
  21   2          x--;
  22   2        }
  23   1      }
  24          
  25          
  26          
  27          void main()
  28          {
  29   1        while(1)
  30   1        {
  31   2          P0 = 0xF0;
  32   2          delay_ms(100);
  33   2          P0 = 0x0F;
  34   2          delay_ms(100);
  35   2        }
  36   1      }


MODULE INFORMATION:   STATIC OVERLAYABLE
   CODE SIZE        =     50    ----
   CONSTANT SIZE    =   ----    ----
   XDATA SIZE       =   ----    ----
   PDATA SIZE       =   ----    ----
   DATA SIZE        =   ----    ----
   IDATA SIZE       =   ----    ----
   BIT SIZE         =   ----    ----
END OF MODULE INFORMATION.


C51 COMPILATION COMPLETE.  0 WARNING(S),  0 ERROR(S)
